<?xml version="1.0" encoding="UTF-8"?>
<testng-results skipped="0" failed="0" total="1" passed="1">
  <reporter-output>
  </reporter-output>
  <suite name="Default suite" duration-ms="48921" started-at="2020-12-09T06:28:08Z" finished-at="2020-12-09T06:28:57Z">
    <groups>
      <group name="cucumber">
        <method signature="AbstractTestNGCucumberTests.runScenario(cucumber.api.testng.PickleEventWrapper, cucumber.api.testng.CucumberFeatureWrapper)[pri:0, instance:runner.Testrunner@3d24753a]" name="runScenario" class="cucumber.api.testng.AbstractTestNGCucumberTests"/>
      </group> <!-- cucumber -->
    </groups>
    <test name="Default test" duration-ms="48921" started-at="2020-12-09T06:28:08Z" finished-at="2020-12-09T06:28:57Z">
      <class name="runner.Testrunner">
        <test-method status="PASS" signature="setUpClass()[pri:0, instance:runner.Testrunner@3d24753a]" name="setUpClass" is-config="true" duration-ms="132" started-at="2020-12-09T11:58:08Z" finished-at="2020-12-09T11:58:08Z">
          <reporter-output>
          </reporter-output>
        </test-method> <!-- setUpClass -->
        <test-method status="PASS" signature="runScenario(cucumber.api.testng.PickleEventWrapper, cucumber.api.testng.CucumberFeatureWrapper)[pri:0, instance:runner.Testrunner@3d24753a]" name="runScenario" duration-ms="48716" started-at="2020-12-09T11:58:08Z" description="Runs Cucumber Scenarios" data-provider="scenarios" finished-at="2020-12-09T11:58:57Z">
          <params>
            <param index="0">
              <value>
                <![CDATA["Successful Login"]]>
              </value>
            </param>
            <param index="1">
              <value>
                <![CDATA["FreeCRM Website"]]>
              </value>
            </param>
          </params>
          <reporter-output>
          </reporter-output>
        </test-method> <!-- runScenario -->
        <test-method status="PASS" signature="tearDownClass()[pri:0, instance:runner.Testrunner@3d24753a]" name="tearDownClass" is-config="true" duration-ms="27" started-at="2020-12-09T11:58:57Z" finished-at="2020-12-09T11:58:57Z">
          <reporter-output>
          </reporter-output>
        </test-method> <!-- tearDownClass -->
      </class> <!-- runner.Testrunner -->
    </test> <!-- Default test -->
  </suite> <!-- Default suite -->
</testng-results>
